Performing C++ SOURCE FILE Test CMAKE_HAVE_LIBC_PTHREAD failed with the following output:
Change Dir: /home/luca/University/current/architettura/RWR-GPU/RWR/build/CMakeFiles/CMakeTmp

Run Build Command(s):/usr/bin/make cmTC_12925/fast && /usr/bin/make  -f CMakeFiles/cmTC_12925.dir/build.make CMakeFiles/cmTC_12925.dir/build
make[1]: Entering directory '/home/luca/University/current/architettura/RWR-GPU/RWR/build/CMakeFiles/CMakeTmp'
Building CXX object CMakeFiles/cmTC_12925.dir/src.cxx.o
/usr/lib/ccache/bin/c++    -DCMAKE_HAVE_LIBC_PTHREAD   -o CMakeFiles/cmTC_12925.dir/src.cxx.o -c /home/luca/University/current/architettura/RWR-GPU/RWR/build/CMakeFiles/CMakeTmp/src.cxx
Linking CXX executable cmTC_12925
/usr/bin/cmake -E cmake_link_script CMakeFiles/cmTC_12925.dir/link.txt --verbose=1
/usr/lib/ccache/bin/c++   -DCMAKE_HAVE_LIBC_PTHREAD    CMakeFiles/cmTC_12925.dir/src.cxx.o  -o cmTC_12925 
/usr/bin/ld: CMakeFiles/cmTC_12925.dir/src.cxx.o: in function `main':
src.cxx:(.text+0x3e): undefined reference to `pthread_create'
/usr/bin/ld: src.cxx:(.text+0x4a): undefined reference to `pthread_detach'
/usr/bin/ld: src.cxx:(.text+0x56): undefined reference to `pthread_cancel'
/usr/bin/ld: src.cxx:(.text+0x67): undefined reference to `pthread_join'
collect2: error: ld returned 1 exit status
make[1]: *** [CMakeFiles/cmTC_12925.dir/build.make:107: cmTC_12925] Error 1
make[1]: Leaving directory '/home/luca/University/current/architettura/RWR-GPU/RWR/build/CMakeFiles/CMakeTmp'
make: *** [Makefile:141: cmTC_12925/fast] Error 2


Source file was:
#include <pthread.h>

void* test_func(void* data)
{
  return data;
}

int main(void)
{
  pthread_t thread;
  pthread_create(&thread, NULL, test_func, NULL);
  pthread_detach(thread);
  pthread_cancel(thread);
  pthread_join(thread, NULL);
  pthread_atfork(NULL, NULL, NULL);
  pthread_exit(NULL);

  return 0;
}

Determining if the function pthread_create exists in the pthreads failed with the following output:
Change Dir: /home/luca/University/current/architettura/RWR-GPU/RWR/build/CMakeFiles/CMakeTmp

Run Build Command(s):/usr/bin/make cmTC_b192f/fast && /usr/bin/make  -f CMakeFiles/cmTC_b192f.dir/build.make CMakeFiles/cmTC_b192f.dir/build
make[1]: Entering directory '/home/luca/University/current/architettura/RWR-GPU/RWR/build/CMakeFiles/CMakeTmp'
Building CXX object CMakeFiles/cmTC_b192f.dir/CheckFunctionExists.cxx.o
/usr/lib/ccache/bin/c++    -DCHECK_FUNCTION_EXISTS=pthread_create   -o CMakeFiles/cmTC_b192f.dir/CheckFunctionExists.cxx.o -c /home/luca/University/current/architettura/RWR-GPU/RWR/build/CMakeFiles/CheckLibraryExists/CheckFunctionExists.cxx
Linking CXX executable cmTC_b192f
/usr/bin/cmake -E cmake_link_script CMakeFiles/cmTC_b192f.dir/link.txt --verbose=1
/usr/lib/ccache/bin/c++   -DCHECK_FUNCTION_EXISTS=pthread_create    CMakeFiles/cmTC_b192f.dir/CheckFunctionExists.cxx.o  -o cmTC_b192f  -lpthreads 
/usr/bin/ld: cannot find -lpthreads
collect2: error: ld returned 1 exit status
make[1]: *** [CMakeFiles/cmTC_b192f.dir/build.make:107: cmTC_b192f] Error 1
make[1]: Leaving directory '/home/luca/University/current/architettura/RWR-GPU/RWR/build/CMakeFiles/CMakeTmp'
make: *** [Makefile:141: cmTC_b192f/fast] Error 2



